<?xml version="1.0" encoding="UTF-8"?>
<!-- Generated by org.testng.reporters.JUnitReportReporter -->
<testsuite hostname="Shekhar-PC" failures="0" tests="1" name="com.actiTime.test.FirstTest" time="22.006" errors="0" timestamp="26 Feb 2019 07:04:18 GMT" skipped="0">
  <testcase classname="com.actiTime.test.FirstTest" name="test01" time="22.006"/>
</testsuite> <!-- com.actiTime.test.FirstTest -->
