<?xml version="1.0" encoding="UTF-8"?>
<!-- Generated by org.testng.reporters.JUnitReportReporter -->
<testsuite hostname="Shekhar-PC" failures="0" tests="1" name="com.actiTime.test.SecondTest" time="30.451" errors="0" timestamp="26 Feb 2019 07:08:04 GMT" skipped="0">
  <testcase classname="com.actiTime.test.SecondTest" name="test02" time="30.451"/>
</testsuite> <!-- com.actiTime.test.SecondTest -->
