<?xml version="1.0" encoding="UTF-8"?>
<!-- Generated by org.testng.reporters.JUnitReportReporter -->
<testsuite hostname="Shekhar-PC" failures="0" tests="1" name="com.actiTime.test.FirstTest" time="33.311" errors="0" timestamp="02 Mar 2019 08:14:34 GMT" skipped="0">
  <testcase classname="com.actiTime.test.FirstTest" name="test01" time="33.311"/>
</testsuite> <!-- com.actiTime.test.FirstTest -->
