<?xml version="1.0" encoding="UTF-8"?>
<!-- Generated by org.testng.reporters.JUnitReportReporter -->
<testsuite hostname="Shekhar-PC" failures="0" tests="1" name="com.actiTime.test.SecondTest" time="42.833" errors="0" timestamp="02 Mar 2019 08:14:34 GMT" skipped="0">
  <testcase classname="com.actiTime.test.SecondTest" name="test02" time="42.833"/>
</testsuite> <!-- com.actiTime.test.SecondTest -->
